[debug] [2022-05-13T11:47:37.788Z] ----------------------------------------------------------------------
[debug] [2022-05-13T11:47:37.790Z] Command:       /Users/Randilu/.nvm/versions/node/v16.15.0/bin/node /Users/Randilu/.nvm/versions/node/v16.15.0/bin/firebase init hosting:github
[debug] [2022-05-13T11:47:37.790Z] CLI Version:   10.9.2
[debug] [2022-05-13T11:47:37.790Z] Platform:      darwin
[debug] [2022-05-13T11:47:37.790Z] Node Version:  v16.15.0
[debug] [2022-05-13T11:47:37.798Z] Time:          Fri May 13 2022 17:17:37 GMT+0530 (India Standard Time)
[debug] [2022-05-13T11:47:37.798Z] ----------------------------------------------------------------------
[debug] 
[debug] [2022-05-13T11:47:37.843Z] > command requires scopes: ["email","openid","https://www.googleapis.com/auth/cloudplatformprojects.readonly","https://www.googleapis.com/auth/firebase","https://www.googleapis.com/auth/cloud-platform"]
[debug] [2022-05-13T11:47:37.843Z] > authorizing via signed-in user (randilu.soysa@carv.com)
[info] 
     ######## #### ########  ######## ########     ###     ######  ########
     ##        ##  ##     ## ##       ##     ##  ##   ##  ##       ##
     ######    ##  ########  ######   ########  #########  ######  ######
     ##        ##  ##    ##  ##       ##     ## ##     ##       ## ##
     ##       #### ##     ## ######## ########  ##     ##  ######  ########

You're about to initialize a Firebase project in this directory:

  /Users/Randilu/Training/firesearch

Before we get started, keep in mind:

  * You are initializing within an existing Firebase project directory

[info] 
=== Project Setup
[info] 
[info] First, let's associate this project directory with a Firebase project.
[info] You can create multiple project aliases by running firebase use --add, 
[info] but for now we'll just set up a default project.
[info] 
[debug] [2022-05-13T11:47:37.847Z] Using project from CLI flag: firesearch-d75f0
[debug] [2022-05-13T11:47:37.850Z] >>> [apiv2][query] GET https://firebase.googleapis.com/v1beta1/projects/firesearch-d75f0 [none]
[debug] [2022-05-13T11:47:38.411Z] <<< [apiv2][status] GET https://firebase.googleapis.com/v1beta1/projects/firesearch-d75f0 403
[debug] [2022-05-13T11:47:38.411Z] <<< [apiv2][body] GET https://firebase.googleapis.com/v1beta1/projects/firesearch-d75f0 {"error":{"code":403,"message":"The caller does not have permission","status":"PERMISSION_DENIED"}}
[debug] [2022-05-13T11:47:38.411Z] HTTP Error: 403, The caller does not have permission
[debug] [2022-05-13T11:47:38.412Z] FirebaseError: HTTP Error: 403, The caller does not have permission
    at module.exports (/Users/Randilu/.nvm/versions/node/v16.15.0/lib/node_modules/firebase-tools/lib/responseToError.js:47:12)
    at RetryOperation._fn (/Users/Randilu/.nvm/versions/node/v16.15.0/lib/node_modules/firebase-tools/lib/apiv2.js:286:39)
    at processTicksAndRejections (node:internal/process/task_queues:96:5)
[error] 
[error] Error: Failed to get Firebase project firesearch-d75f0. Please make sure the project exists and your account has permission to access it.
